[3J[H[2J
Installation results are being logged to mailscanner-install.log

Installing required system packages ...

Hit:1 http://security.debian.org stretch/updates InRelease
Hit:2 https://deb.nodesource.com/node_6.x stretch InRelease
Ign:4 http://download.webmin.com/download/repository sarge InRelease
Ign:3 http://cdn-fastly.deb.debian.org/debian stretch InRelease
Hit:5 http://cdn-fastly.deb.debian.org/debian stretch-updates InRelease
Hit:6 http://cdn-fastly.deb.debian.org/debian stretch Release
Hit:8 http://download.webmin.com/download/repository sarge Release
Reading package lists...
Reading package lists...
Building dependency tree...
Reading state information...
perl-doc is already the newest version (5.24.1-3+deb9u3).
0 upgraded, 0 newly installed, 0 to remove and 0 not upgraded.
Reading package lists...
Building dependency tree...
Reading state information...
libmailtools-perl is already the newest version (2.18-1).
0 upgraded, 0 newly installed, 0 to remove and 0 not upgraded.
Reading package lists...
Building dependency tree...
Reading state information...
re2c is already the newest version (0.16-2).
0 upgraded, 0 newly installed, 0 to remove and 0 not upgraded.
Reading package lists...
Building dependency tree...
Reading state information...
curl is already the newest version (7.52.1-5+deb9u6).
0 upgraded, 0 newly installed, 0 to remove and 0 not upgraded.
Reading package lists...
Building dependency tree...
Reading state information...
libnet-cidr-lite-perl is already the newest version (0.21-1).
0 upgraded, 0 newly installed, 0 to remove and 0 not upgraded.
Reading package lists...
Building dependency tree...
Reading state information...
libmime-tools-perl is already the newest version (5.508-1).
0 upgraded, 0 newly installed, 0 to remove and 0 not upgraded.
Reading package lists...
Building dependency tree...
Reading state information...
wget is already the newest version (1.18-5+deb9u2).
0 upgraded, 0 newly installed, 0 to remove and 0 not upgraded.
Reading package lists...
Building dependency tree...
Reading state information...
libtest-manifest-perl is already the newest version (2.02-2).
0 upgraded, 0 newly installed, 0 to remove and 0 not upgraded.
Reading package lists...
Building dependency tree...
Reading state information...
libnet-cidr-perl is already the newest version (0.18-1).
0 upgraded, 0 newly installed, 0 to remove and 0 not upgraded.
Reading package lists...
Building dependency tree...
Reading state information...
tar is already the newest version (1.29b-1.1).
0 upgraded, 0 newly installed, 0 to remove and 0 not upgraded.
Reading package lists...
Building dependency tree...
Reading state information...
libdata-dump-perl is already the newest version (1.23-1).
0 upgraded, 0 newly installed, 0 to remove and 0 not upgraded.
Reading package lists...
Building dependency tree...
Reading state information...
libperl5.24 is already the newest version (5.24.1-3+deb9u3).
0 upgraded, 0 newly installed, 0 to remove and 0 not upgraded.
Reading package lists...
Building dependency tree...
Reading state information...
binutils is already the newest version (2.28-5).
0 upgraded, 0 newly installed, 0 to remove and 0 not upgraded.
Reading package lists...
Building dependency tree...
Reading state information...
libbusiness-isbn-perl is already the newest version (3.003-1).
0 upgraded, 0 newly installed, 0 to remove and 0 not upgraded.
Reading package lists...
Building dependency tree...
Reading state information...
libio-stringy-perl is already the newest version (2.111-2).
0 upgraded, 0 newly installed, 0 to remove and 0 not upgraded.
Reading package lists...
Building dependency tree...
Reading state information...
unrar is already the newest version (1:5.3.2-1+deb9u1).
0 upgraded, 0 newly installed, 0 to remove and 0 not upgraded.
Reading package lists...
Building dependency tree...
Reading state information...
libdbd-mysql-perl is already the newest version (4.041-2).
libdbd-mysql-perl set to manually installed.
0 upgraded, 0 newly installed, 0 to remove and 0 not upgraded.
Reading package lists...
Building dependency tree...
Reading state information...
perl-modules-5.24 is already the newest version (5.24.1-3+deb9u3).
0 upgraded, 0 newly installed, 0 to remove and 0 not upgraded.
Reading package lists...
Building dependency tree...
Reading state information...
gcc is already the newest version (4:6.3.0-4).
0 upgraded, 0 newly installed, 0 to remove and 0 not upgraded.
Reading package lists...
Building dependency tree...
Reading state information...
libconvert-tnef-perl is already the newest version (0.18-1).
0 upgraded, 0 newly installed, 0 to remove and 0 not upgraded.
Reading package lists...
Building dependency tree...
Reading state information...
libdbd-mysql-perl is already the newest version (4.041-2).
0 upgraded, 0 newly installed, 0 to remove and 0 not upgraded.
Reading package lists...
Building dependency tree...
Reading state information...
make is already the newest version (4.1-9.1).
0 upgraded, 0 newly installed, 0 to remove and 0 not upgraded.
Reading package lists...
Building dependency tree...
Reading state information...
libdbd-sqlite3-perl is already the newest version (1.54-1).
0 upgraded, 0 newly installed, 0 to remove and 0 not upgraded.
Reading package lists...
Building dependency tree...
Reading state information...
libencode-detect-perl is already the newest version (1.01-4+b3).
0 upgraded, 0 newly installed, 0 to remove and 0 not upgraded.
Reading package lists...
Building dependency tree...
Reading state information...
patch is already the newest version (2.7.5-1+b2).
0 upgraded, 0 newly installed, 0 to remove and 0 not upgraded.
Reading package lists...
Building dependency tree...
Reading state information...
libfilesys-df-perl is already the newest version (0.92-6+b1).
0 upgraded, 0 newly installed, 0 to remove and 0 not upgraded.
Reading package lists...
Building dependency tree...
Reading state information...
libc6-dev is already the newest version (2.24-11+deb9u3).
0 upgraded, 0 newly installed, 0 to remove and 0 not upgraded.
Reading package lists...
Building dependency tree...
Reading state information...
antiword is already the newest version (0.37-11+b1).
0 upgraded, 0 newly installed, 0 to remove and 0 not upgraded.
Reading package lists...
Building dependency tree...
Reading state information...
libarchive-zip-perl is already the newest version (1.59-1).
0 upgraded, 0 newly installed, 0 to remove and 0 not upgraded.
Reading package lists...
Building dependency tree...
Reading state information...
libconfig-yaml-perl is already the newest version (1.42-2).
0 upgraded, 0 newly installed, 0 to remove and 0 not upgraded.
Reading package lists...
Building dependency tree...
Reading state information...
pyzor is already the newest version (1:1.0.0-2).
0 upgraded, 0 newly installed, 0 to remove and 0 not upgraded.
Reading package lists...
Building dependency tree...
Reading state information...
libole-storage-lite-perl is already the newest version (0.19-1).
0 upgraded, 0 newly installed, 0 to remove and 0 not upgraded.
Reading package lists...
Building dependency tree...
Reading state information...
libsys-sigaction-perl is already the newest version (0.23-1).
0 upgraded, 0 newly installed, 0 to remove and 0 not upgraded.
Reading package lists...
Building dependency tree...
Reading state information...
razor is already the newest version (1:2.85-4.2+b2).
0 upgraded, 0 newly installed, 0 to remove and 0 not upgraded.
Reading package lists...
Building dependency tree...
Reading state information...
libinline-perl is already the newest version (0.80-1).
0 upgraded, 0 newly installed, 0 to remove and 0 not upgraded.
Reading package lists...
Building dependency tree...
Reading state information...
libmail-imapclient-perl is already the newest version (3.38-1).
0 upgraded, 0 newly installed, 0 to remove and 0 not upgraded.
Reading package lists...
Building dependency tree...
Reading state information...
tnef is already the newest version (1.4.12-1.2).
0 upgraded, 0 newly installed, 0 to remove and 0 not upgraded.
Reading package lists...
Building dependency tree...
Reading state information...
libmail-spf-perl is already the newest version (2.9.0-4).
0 upgraded, 0 newly installed, 0 to remove and 0 not upgraded.
Reading package lists...
Building dependency tree...
Reading state information...
libtest-pod-coverage-perl is already the newest version (1.10-2).
0 upgraded, 0 newly installed, 0 to remove and 0 not upgraded.
Reading package lists...
Building dependency tree...
Reading state information...
gzip is already the newest version (1.6-5+b1).
0 upgraded, 0 newly installed, 0 to remove and 0 not upgraded.
Reading package lists...
Building dependency tree...
Reading state information...
libnetaddr-ip-perl is already the newest version (4.079+dfsg-1+b1).
0 upgraded, 0 newly installed, 0 to remove and 0 not upgraded.
Reading package lists...
Building dependency tree...
Reading state information...
libfile-sharedir-install-perl is already the newest version (0.11-1).
0 upgraded, 0 newly installed, 0 to remove and 0 not upgraded.
Reading package lists...
Building dependency tree...
Reading state information...
unzip is already the newest version (6.0-21).
0 upgraded, 0 newly installed, 0 to remove and 0 not upgraded.
Reading package lists...
Building dependency tree...
Reading state information...
libnet-ldap-perl is already the newest version (1:0.6500+dfsg-1).
0 upgraded, 0 newly installed, 0 to remove and 0 not upgraded.
Reading package lists...
Building dependency tree...
Reading state information...
libsys-hostname-long-perl is already the newest version (1.5-1).
0 upgraded, 0 newly installed, 0 to remove and 0 not upgraded.
Reading package lists...
Building dependency tree...
Reading state information...
openssl is already the newest version (1.1.0f-3+deb9u2).
0 upgraded, 0 newly installed, 0 to remove and 0 not upgraded.
Reading package lists...
Building dependency tree...
Reading state information...
libmail-dkim-perl is already the newest version (0.40-1).
0 upgraded, 0 newly installed, 0 to remove and 0 not upgraded.
Reading package lists...
Building dependency tree...
Reading state information...
libhtml-tokeparser-simple-perl is already the newest version (3.16-2).
0 upgraded, 0 newly installed, 0 to remove and 0 not upgraded.
Reading package lists...
Building dependency tree...
Reading state information...
perl is already the newest version (5.24.1-3+deb9u3).
0 upgraded, 0 newly installed, 0 to remove and 0 not upgraded.
Reading package lists...
Building dependency tree...
Reading state information...
libbusiness-isbn-data-perl is already the newest version (20140910.003-1).
0 upgraded, 0 newly installed, 0 to remove and 0 not upgraded.
Reading package lists...
Building dependency tree...
Reading state information...
libnet-dns-resolver-programmable-perl is already the newest version (0.003-4).
0 upgraded, 0 newly installed, 0 to remove and 0 not upgraded.
Reading package lists...
Building dependency tree...
Reading state information...
postfix is already the newest version (3.1.8-0+deb9u1).
0 upgraded, 0 newly installed, 0 to remove and 0 not upgraded.
[3J[H[2J
Installing Clam AV via apt ... 

Reading package lists...
Building dependency tree...
Reading state information...
clamav-daemon is already the newest version (0.99.4+dfsg-1+deb9u1).
libclamav-client-perl is already the newest version (0.11-2).
0 upgraded, 0 newly installed, 0 to remove and 0 not upgraded.
[3J[H[2J
Checking Perl Modules ... 

Archive::Tar => OK
Archive::Zip => OK
bignum => OK
Carp => OK
Compress::Zlib => OK
Compress::Raw::Zlib => OK
Convert::BinHex => OK
Convert::TNEF => OK
Data::Dumper => OK
Date::Parse => OK
DBD::SQLite => OK
DBI => OK
Digest::HMAC => OK
Digest::MD5 => OK
Digest::SHA1 => OK
DirHandle => OK
ExtUtils::MakeMaker => OK
Fcntl => OK
File::Basename => OK
File::Copy => OK
File::Path => OK
File::Spec => OK
File::Temp => OK
FileHandle => OK
Filesys::Df => OK
Getopt::Long => OK
Inline::C => OK
IO => OK
IO::File => OK
IO::Pipe => OK
IO::Stringy => OK
HTML::Entities => OK
HTML::Parser => OK
HTML::Tagset => OK
HTML::TokeParser => OK
Mail::Field => OK
Mail::Header => OK
Mail::IMAPClient => OK
Mail::Internet => OK
Math::BigInt => OK
Math::BigRat => OK
MIME::Base64 => OK
MIME::Decoder => OK
MIME::Decoder::UU => OK
MIME::Head => OK
MIME::Parser => OK
MIME::QuotedPrint => OK
MIME::Tools => OK
MIME::WordDecoder => OK
Net::CIDR => OK
Net::DNS => OK
Net::IP => OK
OLE::Storage_Lite => OK
Pod::Escapes => OK
Pod::Simple => OK
POSIX => OK
Scalar::Util => OK
Socket => OK
Storable => OK
Test::Harness => OK
Test::Pod => OK
Test::Simple => OK
Time::HiRes => OK
Time::localtime => OK
Sys::Hostname::Long => OK
Sys::SigAction => OK
Sys::Syslog => OK
Env => OK
File::ShareDir::Install => OK
Mail::SpamAssassin => OK
bignum => OK
Business::ISBN => OK
Business::ISBN::Data => OK
Data::Dump => OK
DB_File => OK
DBD::SQLite => OK
DBI => OK
Digest => OK
Encode::Detect => OK
Error => OK
ExtUtils::CBuilder => OK
ExtUtils::ParseXS => OK
Getopt::Long => OK
Inline => OK
IO::String => OK
IO::Zlib => OK
IP::Country => OK
Mail::SPF => OK
Mail::SPF::Query => OK
Module::Build => OK
Net::CIDR::Lite => OK
Net::DNS => OK
Net::LDAP => OK
Net::DNS::Resolver::Programmable => OK
NetAddr::IP => OK
Parse::RecDescent => OK
Test::Harness => OK
Test::Manifest => OK
Text::Balanced => OK
URI => OK
version => OK
IO::Compress::Bzip2 => OK
Mail::SpamAssassin::Plugin::Rule2XSBody => OK
Mail::SpamAssassin::Plugin::DCC => OK
Mail::SpamAssassin::Plugin::Pyzor => OK
[3J[H[2J
Installing the MailScanner .deb package ... 
(Reading database ... 121460 files and directories currently installed.)
Preparing to unpack .../MailScanner-5.0.3-7-noarch.deb ...
Unpacking mailscanner (5.0.3-7) over (5.0.3-7) ...
Setting up mailscanner (5.0.3-7) ...
Added new: Web Bug Replacement = https://s3.amazonaws.com/msv5/images/spacer.gif
Added new: Lockfile Dir = /var/spool/MailScanner/incoming/Locks
Added new: include /etc/MailScanner/conf.d/*

Summary
-------
Read 361 settings from old /etc/MailScanner/MailScanner.conf.original
Used 359 settings from old /etc/MailScanner/MailScanner.conf.original
Used 4 default settings from new /etc/MailScanner/MailScanner.conf.dist


----------------------------------------------------------
Installation Complete

See http://www.mailscanner.info for more information and  
support via the MailScanner mailing list.


Review: Set your preferences in /etc/MailScanner/MailScanner.conf
and review /etc/MailScanner/defaults

